# JRE version: Java(TM) SE Runtime Environment (7.0_79-b15) (build 1.7.0_79-b15)
# Java VM: Java HotSpot(TM) 64-Bit Server VM (24.79-b02 mixed mode windows-amd64 compressed oops)
Heap
 PSYoungGen      total 109056K, used 46K [0x00000000f5500000, 0x00000000fd980000, 0x0000000100000000)
  eden space 85504K, 0% used [0x00000000f5500000,0x00000000f550b808,0x00000000fa880000)
  from space 23552K, 0% used [0x00000000fc280000,0x00000000fc280000,0x00000000fd980000)
  to   space 25088K, 0% used [0x00000000fa880000,0x00000000fa880000,0x00000000fc100000)
 ParOldGen       total 349184K, used 64930K [0x00000000e0000000, 0x00000000f5500000, 0x00000000f5500000)
  object space 349184K, 18% used [0x00000000e0000000,0x00000000e3f68878,0x00000000f5500000)
 PSPermGen       total 83968K, used 83967K [0x00000000dae00000, 0x00000000e0000000, 0x00000000e0000000)
  object space 83968K, 99% used [0x00000000dae00000,0x00000000dfffffc8,0x00000000e0000000)
GC Heap History (10 events):
Event: 5286.695 GC heap before
{Heap before GC invocations=71 (full 15):
 PSYoungGen      total 111616K, used 128K [0x00000000f5500000, 0x00000000fde80000, 0x0000000100000000)
  eden space 84480K, 0% used [0x00000000f5500000,0x00000000f5500000,0x00000000fa780000)
  from space 27136K, 0% used [0x00000000fc400000,0x00000000fc420000,0x00000000fde80000)
  to   space 28160K, 0% used [0x00000000fa780000,0x00000000fa780000,0x00000000fc300000)
 ParOldGen       total 349184K, used 65074K [0x00000000e0000000, 0x00000000f5500000, 0x00000000f5500000)
  object space 349184K, 18% used [0x00000000e0000000,0x00000000e3f8cb28,0x00000000f5500000)
 PSPermGen       total 83968K, used 83967K [0x00000000dae00000, 0x00000000e0000000, 0x00000000e0000000)
  object space 83968K, 99% used [0x00000000dae00000,0x00000000dffffff0,0x00000000e0000000)
Event: 5286.968 GC heap after
Heap after GC invocations=71 (full 15):
 PSYoungGen      total 111616K, used 0K [0x00000000f5500000, 0x00000000fde80000, 0x0000000100000000)
  eden space 84480K, 0% used [0x00000000f5500000,0x00000000f5500000,0x00000000fa780000)
  from space 27136K, 0% used [0x00000000fc400000,0x00000000fc400000,0x00000000fde80000)
  to   space 28160K, 0% used [0x00000000fa780000,0x00000000fa780000,0x00000000fc300000)
 ParOldGen       total 349184K, used 64926K [0x00000000e0000000, 0x00000000f5500000, 0x00000000f5500000)
  object space 349184K, 18% used [0x00000000e0000000,0x00000000e3f67ab0,0x00000000f5500000)
 PSPermGen       total 83968K, used 83954K [0x00000000dae00000, 0x00000000e0000000, 0x00000000e0000000)
  object space 83968K, 99% used [0x00000000dae00000,0x00000000dfffcbe8,0x00000000e0000000)
}
Event: 5286.986 GC heap before
{Heap before GC invocations=72 (full 15):
 PSYoungGen      total 111616K, used 1515K [0x00000000f5500000, 0x00000000fde80000, 0x0000000100000000)
  eden space 84480K, 1% used [0x00000000f5500000,0x00000000f567ade0,0x00000000fa780000)
  from space 27136K, 0% used [0x00000000fc400000,0x00000000fc400000,0x00000000fde80000)
  to   space 28160K, 0% used [0x00000000fa780000,0x00000000fa780000,0x00000000fc300000)
 ParOldGen       total 349184K, used 64926K [0x00000000e0000000, 0x00000000f5500000, 0x00000000f5500000)
  object space 349184K, 18% used [0x00000000e0000000,0x00000000e3f67ab0,0x00000000f5500000)
 PSPermGen       total 83968K, used 83967K [0x00000000dae00000, 0x00000000e0000000, 0x00000000e0000000)
  object space 83968K, 99% used [0x00000000dae00000,0x00000000dfffffe8,0x00000000e0000000)
Event: 5287.002 GC heap after
Heap after GC invocations=72 (full 15):
 PSYoungGen      total 84992K, used 64K [0x00000000f5500000, 0x00000000fdc80000, 0x0000000100000000)
  eden space 84480K, 0% used [0x00000000f5500000,0x00000000f5500000,0x00000000fa780000)
  from space 512K, 12% used [0x00000000fa780000,0x00000000fa790000,0x00000000fa800000)
  to   space 26624K, 0% used [0x00000000fc280000,0x00000000fc280000,0x00000000fdc80000)
 ParOldGen       total 349184K, used 64926K [0x00000000e0000000, 0x00000000f5500000, 0x00000000f5500000)
  object space 349184K, 18% used [0x00000000e0000000,0x00000000e3f67ab0,0x00000000f5500000)
 PSPermGen       total 83968K, used 83967K [0x00000000dae00000, 0x00000000e0000000, 0x00000000e0000000)
  object space 83968K, 99% used [0x00000000dae00000,0x00000000dfffffe8,0x00000000e0000000)
}
Event: 5287.002 GC heap before
{Heap before GC invocations=73 (full 16):
 PSYoungGen      total 84992K, used 64K [0x00000000f5500000, 0x00000000fdc80000, 0x0000000100000000)
  eden space 84480K, 0% used [0x00000000f5500000,0x00000000f5500000,0x00000000fa780000)
  from space 512K, 12% used [0x00000000fa780000,0x00000000fa790000,0x00000000fa800000)
  to   space 26624K, 0% used [0x00000000fc280000,0x00000000fc280000,0x00000000fdc80000)
 ParOldGen       total 349184K, used 64926K [0x00000000e0000000, 0x00000000f5500000, 0x00000000f5500000)
  object space 349184K, 18% used [0x00000000e0000000,0x00000000e3f67ab0,0x00000000f5500000)
 PSPermGen       total 83968K, used 83967K [0x00000000dae00000, 0x00000000e0000000, 0x00000000e0000000)
  object space 83968K, 99% used [0x00000000dae00000,0x00000000dfffffe8,0x00000000e0000000)
Event: 5287.353 GC heap after
Heap after GC invocations=73 (full 16):
 PSYoungGen      total 84992K, used 0K [0x00000000f5500000, 0x00000000fdc80000, 0x0000000100000000)
  eden space 84480K, 0% used [0x00000000f5500000,0x00000000f5500000,0x00000000fa780000)
  from space 512K, 0% used [0x00000000fa780000,0x00000000fa780000,0x00000000fa800000)
  to   space 26624K, 0% used [0x00000000fc280000,0x00000000fc280000,0x00000000fdc80000)
 ParOldGen       total 349184K, used 64948K [0x00000000e0000000, 0x00000000f5500000, 0x00000000f5500000)
  object space 349184K, 18% used [0x00000000e0000000,0x00000000e3f6d090,0x00000000f5500000)
 PSPermGen       total 83968K, used 83967K [0x00000000dae00000, 0x00000000e0000000, 0x00000000e0000000)
  object space 83968K, 99% used [0x00000000dae00000,0x00000000dfffffc8,0x00000000e0000000)
}
Event: 5287.353 GC heap before
{Heap before GC invocations=74 (full 16):
 PSYoungGen      total 84992K, used 0K [0x00000000f5500000, 0x00000000fdc80000, 0x0000000100000000)
  eden space 84480K, 0% used [0x00000000f5500000,0x00000000f5500000,0x00000000fa780000)
  from space 512K, 0% used [0x00000000fa780000,0x00000000fa780000,0x00000000fa800000)
  to   space 26624K, 0% used [0x00000000fc280000,0x00000000fc280000,0x00000000fdc80000)
 ParOldGen       total 349184K, used 64948K [0x00000000e0000000, 0x00000000f5500000, 0x00000000f5500000)
  object space 349184K, 18% used [0x00000000e0000000,0x00000000e3f6d090,0x00000000f5500000)
 PSPermGen       total 83968K, used 83967K [0x00000000dae00000, 0x00000000e0000000, 0x00000000e0000000)
  object space 83968K, 99% used [0x00000000dae00000,0x00000000dfffffc8,0x00000000e0000000)
Event: 5287.364 GC heap after
Heap after GC invocations=74 (full 16):
 PSYoungGen      total 109056K, used 0K [0x00000000f5500000, 0x00000000fd980000, 0x0000000100000000)
  eden space 85504K, 0% used [0x00000000f5500000,0x00000000f5500000,0x00000000fa880000)
  from space 23552K, 0% used [0x00000000fc280000,0x00000000fc280000,0x00000000fd980000)
  to   space 25088K, 0% used [0x00000000fa880000,0x00000000fa880000,0x00000000fc100000)
 ParOldGen       total 349184K, used 64948K [0x00000000e0000000, 0x00000000f5500000, 0x00000000f5500000)
  object space 349184K, 18% used [0x00000000e0000000,0x00000000e3f6d090,0x00000000f5500000)
 PSPermGen       total 83968K, used 83967K [0x00000000dae00000, 0x00000000e0000000, 0x00000000e0000000)
  object space 83968K, 99% used [0x00000000dae00000,0x00000000dfffffc8,0x00000000e0000000)
}
Event: 5287.364 GC heap before
{Heap before GC invocations=75 (full 17):
 PSYoungGen      total 109056K, used 0K [0x00000000f5500000, 0x00000000fd980000, 0x0000000100000000)
  eden space 85504K, 0% used [0x00000000f5500000,0x00000000f5500000,0x00000000fa880000)
  from space 23552K, 0% used [0x00000000fc280000,0x00000000fc280000,0x00000000fd980000)
  to   space 25088K, 0% used [0x00000000fa880000,0x00000000fa880000,0x00000000fc100000)
 ParOldGen       total 349184K, used 64948K [0x00000000e0000000, 0x00000000f5500000, 0x00000000f5500000)
  object space 349184K, 18% used [0x00000000e0000000,0x00000000e3f6d090,0x00000000f5500000)
 PSPermGen       total 83968K, used 83967K [0x00000000dae00000, 0x00000000e0000000, 0x00000000e0000000)
  object space 83968K, 99% used [0x00000000dae00000,0x00000000dfffffc8,0x00000000e0000000)
Event: 5287.711 GC heap after
Heap after GC invocations=75 (full 17):
 PSYoungGen      total 109056K, used 0K [0x00000000f5500000, 0x00000000fd980000, 0x0000000100000000)
  eden space 85504K, 0% used [0x00000000f5500000,0x00000000f5500000,0x00000000fa880000)
  from space 23552K, 0% used [0x00000000fc280000,0x00000000fc280000,0x00000000fd980000)
  to   space 25088K, 0% used [0x00000000fa880000,0x00000000fa880000,0x00000000fc100000)
 ParOldGen       total 349184K, used 64930K [0x00000000e0000000, 0x00000000f5500000, 0x00000000f5500000)
  object space 349184K, 18% used [0x00000000e0000000,0x00000000e3f68878,0x00000000f5500000)
 PSPermGen       total 83968K, used 83967K [0x00000000dae00000, 0x00000000e0000000, 0x00000000e0000000)
  object space 83968K, 99% used [0x00000000dae00000,0x00000000dfffffc8,0x00000000e0000000)
}

